<?xml version="1.0" encoding="UTF-8"?>
<testng-results ignored="0" total="10" passed="9" failed="1" skipped="0">
  <reporter-output>
  </reporter-output>
  <suite started-at="2021-11-21T20:55:25 IST" name="Default suite" finished-at="2021-11-21T20:56:55 IST" duration-ms="89904">
    <groups>
    </groups>
    <test started-at="2021-11-21T20:55:25 IST" name="Default test" finished-at="2021-11-21T20:56:55 IST" duration-ms="89904">
      <class name="com.frame.runner.ContactTestCase">
        <test-method is-config="true" signature="setup()[pri:0, instance:com.frame.runner.ContactTestCase@58d75e99]" started-at="2021-11-21T20:55:25 IST" name="setup" finished-at="2021-11-21T20:55:33 IST" duration-ms="8244" status="PASS">
          <reporter-output>
          </reporter-output>
        </test-method> <!-- setup -->
        <test-method signature="WebsiteLanding()[pri:1, instance:com.frame.runner.ContactTestCase@58d75e99]" started-at="2021-11-21T20:55:33 IST" name="WebsiteLanding" finished-at="2021-11-21T20:55:38 IST" duration-ms="5046" status="PASS">
          <reporter-output>
          </reporter-output>
        </test-method> <!-- WebsiteLanding -->
        <test-method signature="Add_item_to_cart()[pri:2, instance:com.frame.runner.ContactTestCase@58d75e99]" started-at="2021-11-21T20:55:39 IST" name="Add_item_to_cart" finished-at="2021-11-21T20:55:56 IST" duration-ms="16972" status="PASS">
          <reporter-output>
          </reporter-output>
        </test-method> <!-- Add_item_to_cart -->
        <test-method signature="Verify_the_Item_on_the_Cart()[pri:3, instance:com.frame.runner.ContactTestCase@58d75e99]" started-at="2021-11-21T20:55:56 IST" name="Verify_the_Item_on_the_Cart" finished-at="2021-11-21T20:55:56 IST" duration-ms="146" status="PASS">
          <reporter-output>
          </reporter-output>
        </test-method> <!-- Verify_the_Item_on_the_Cart -->
        <test-method signature="Search_Boxdropdown_validation()[pri:4, instance:com.frame.runner.ContactTestCase@58d75e99]" started-at="2021-11-21T20:55:56 IST" name="Search_Boxdropdown_validation" finished-at="2021-11-21T20:56:02 IST" duration-ms="6052" status="PASS">
          <reporter-output>
          </reporter-output>
        </test-method> <!-- Search_Boxdropdown_validation -->
        <test-method signature="Feature_Validation_1and2()[pri:5, instance:com.frame.runner.ContactTestCase@58d75e99]" started-at="2021-11-21T20:56:03 IST" name="Feature_Validation_1and2" finished-at="2021-11-21T20:56:09 IST" duration-ms="6329" status="PASS">
          <reporter-output>
          </reporter-output>
        </test-method> <!-- Feature_Validation_1and2 -->
        <test-method signature="Wishlist_Validation()[pri:6, instance:com.frame.runner.ContactTestCase@58d75e99]" started-at="2021-11-21T20:56:09 IST" name="Wishlist_Validation" finished-at="2021-11-21T20:56:30 IST" duration-ms="20291" status="FAIL">
          <exception class="org.openqa.selenium.NoSuchElementException">
            <message>
              <![CDATA[no such element: Unable to locate element: {"method":"xpath","selector":"//*[@id="temp_1637127102244"]/div/div/div[3]/a"}
  (Session info: chrome=96.0.4664.45)
For documentation on this error, please visit: https://www.seleniumhq.org/exceptions/no_such_element.html
Build info: version: '3.141.59', revision: 'e82be7d358', time: '2018-11-14T08:17:03'
System info: host: 'ADMINRG-IENDR4E', ip: '192.168.56.1', os.name: 'Windows 10', os.arch: 'amd64', os.version: '10.0', java.version: '11.0.6'
Driver info: org.openqa.selenium.chrome.ChromeDriver
Capabilities {acceptInsecureCerts: false, browserName: chrome, browserVersion: 96.0.4664.45, chrome: {chromedriverVersion: 96.0.4664.45 (76e4c1bb2ab46..., userDataDir: C:\Users\Dell\AppData\Local...}, goog:chromeOptions: {debuggerAddress: localhost:64092}, javascriptEnabled: true, networkConnectionEnabled: false, pageLoadStrategy: normal, platform: WINDOWS, platformName: WINDOWS, proxy: Proxy(), setWindowRect: true, strictFileInteractability: false, timeouts: {implicit: 0, pageLoad: 300000, script: 30000}, unhandledPromptBehavior: dismiss and notify, webauthn:extension:credBlob: true, webauthn:extension:largeBlob: true, webauthn:virtualAuthenticators: true}
Session ID: 98f91ea94f8382a5bac8e70850ab0dd4
*** Element info: {Using=xpath, value=//*[@id="temp_1637127102244"]/div/div/div[3]/a}]]>
            </message>
            <full-stacktrace>
              <![CDATA[org.openqa.selenium.NoSuchElementException: no such element: Unable to locate element: {"method":"xpath","selector":"//*[@id="temp_1637127102244"]/div/div/div[3]/a"}
  (Session info: chrome=96.0.4664.45)
For documentation on this error, please visit: https://www.seleniumhq.org/exceptions/no_such_element.html
Build info: version: '3.141.59', revision: 'e82be7d358', time: '2018-11-14T08:17:03'
System info: host: 'ADMINRG-IENDR4E', ip: '192.168.56.1', os.name: 'Windows 10', os.arch: 'amd64', os.version: '10.0', java.version: '11.0.6'
Driver info: org.openqa.selenium.chrome.ChromeDriver
Capabilities {acceptInsecureCerts: false, browserName: chrome, browserVersion: 96.0.4664.45, chrome: {chromedriverVersion: 96.0.4664.45 (76e4c1bb2ab46..., userDataDir: C:\Users\Dell\AppData\Local...}, goog:chromeOptions: {debuggerAddress: localhost:64092}, javascriptEnabled: true, networkConnectionEnabled: false, pageLoadStrategy: normal, platform: WINDOWS, platformName: WINDOWS, proxy: Proxy(), setWindowRect: true, strictFileInteractability: false, timeouts: {implicit: 0, pageLoad: 300000, script: 30000}, unhandledPromptBehavior: dismiss and notify, webauthn:extension:credBlob: true, webauthn:extension:largeBlob: true, webauthn:virtualAuthenticators: true}
Session ID: 98f91ea94f8382a5bac8e70850ab0dd4
*** Element info: {Using=xpath, value=//*[@id="temp_1637127102244"]/div/div/div[3]/a}
at java.base/jdk.internal.reflect.NativeConstructorAccessorImpl.newInstance0(Native Method)
at java.base/jdk.internal.reflect.NativeConstructorAccessorImpl.newInstance(NativeConstructorAccessorImpl.java:62)
at java.base/jdk.internal.reflect.DelegatingConstructorAccessorImpl.newInstance(DelegatingConstructorAccessorImpl.java:45)
at java.base/java.lang.reflect.Constructor.newInstance(Constructor.java:490)
at org.openqa.selenium.remote.http.W3CHttpResponseCodec.createException(W3CHttpResponseCodec.java:187)
at org.openqa.selenium.remote.http.W3CHttpResponseCodec.decode(W3CHttpResponseCodec.java:122)
at org.openqa.selenium.remote.http.W3CHttpResponseCodec.decode(W3CHttpResponseCodec.java:49)
at org.openqa.selenium.remote.HttpCommandExecutor.execute(HttpCommandExecutor.java:158)
at org.openqa.selenium.remote.service.DriverCommandExecutor.execute(DriverCommandExecutor.java:83)
at org.openqa.selenium.remote.RemoteWebDriver.execute(RemoteWebDriver.java:552)
at org.openqa.selenium.remote.RemoteWebDriver.findElement(RemoteWebDriver.java:323)
at org.openqa.selenium.remote.RemoteWebDriver.findElementByXPath(RemoteWebDriver.java:428)
at org.openqa.selenium.By$ByXPath.findElement(By.java:353)
at org.openqa.selenium.remote.RemoteWebDriver.findElement(RemoteWebDriver.java:315)
at com.frame.runner.ContactTestCase.Wishlist_Validation(ContactTestCase.java:151)
at java.base/jdk.internal.reflect.NativeMethodAccessorImpl.invoke0(Native Method)
at java.base/jdk.internal.reflect.NativeMethodAccessorImpl.invoke(NativeMethodAccessorImpl.java:62)
at java.base/jdk.internal.reflect.DelegatingMethodAccessorImpl.invoke(DelegatingMethodAccessorImpl.java:43)
at java.base/java.lang.reflect.Method.invoke(Method.java:566)
at org.testng.internal.MethodInvocationHelper.invokeMethod(MethodInvocationHelper.java:133)
at org.testng.internal.TestInvoker.invokeMethod(TestInvoker.java:598)
at org.testng.internal.TestInvoker.invokeTestMethod(TestInvoker.java:173)
at org.testng.internal.MethodRunner.runInSequence(MethodRunner.java:46)
at org.testng.internal.TestInvoker$MethodInvocationAgent.invoke(TestInvoker.java:824)
at org.testng.internal.TestInvoker.invokeTestMethods(TestInvoker.java:146)
at org.testng.internal.TestMethodWorker.invokeTestMethods(TestMethodWorker.java:146)
at org.testng.internal.TestMethodWorker.run(TestMethodWorker.java:128)
at java.base/java.util.ArrayList.forEach(ArrayList.java:1540)
at org.testng.TestRunner.privateRun(TestRunner.java:794)
at org.testng.TestRunner.run(TestRunner.java:596)
at org.testng.SuiteRunner.runTest(SuiteRunner.java:377)
at org.testng.SuiteRunner.runSequentially(SuiteRunner.java:371)
at org.testng.SuiteRunner.privateRun(SuiteRunner.java:332)
at org.testng.SuiteRunner.run(SuiteRunner.java:276)
at org.testng.SuiteRunnerWorker.runSuite(SuiteRunnerWorker.java:53)
at org.testng.SuiteRunnerWorker.run(SuiteRunnerWorker.java:96)
at org.testng.TestNG.runSuitesSequentially(TestNG.java:1212)
at org.testng.TestNG.runSuitesLocally(TestNG.java:1134)
at org.testng.TestNG.runSuites(TestNG.java:1063)
at org.testng.TestNG.run(TestNG.java:1031)
at org.testng.remote.AbstractRemoteTestNG.run(AbstractRemoteTestNG.java:115)
at org.testng.remote.RemoteTestNG.initAndRun(RemoteTestNG.java:251)
at org.testng.remote.RemoteTestNG.main(RemoteTestNG.java:77)
]]>
            </full-stacktrace>
          </exception> <!-- org.openqa.selenium.NoSuchElementException -->
          <reporter-output>
          </reporter-output>
        </test-method> <!-- Wishlist_Validation -->
        <test-method signature="Cart_feature_validation()[pri:7, instance:com.frame.runner.ContactTestCase@58d75e99]" started-at="2021-11-21T20:56:30 IST" name="Cart_feature_validation" finished-at="2021-11-21T20:56:38 IST" duration-ms="8579" status="PASS">
          <reporter-output>
          </reporter-output>
        </test-method> <!-- Cart_feature_validation -->
        <test-method signature="Gift_Card_validation()[pri:8, instance:com.frame.runner.ContactTestCase@58d75e99]" started-at="2021-11-21T20:56:39 IST" name="Gift_Card_validation" finished-at="2021-11-21T20:56:44 IST" duration-ms="5148" status="PASS">
          <reporter-output>
          </reporter-output>
        </test-method> <!-- Gift_Card_validation -->
        <test-method signature="sign_in_page_validation1()[pri:9, instance:com.frame.runner.ContactTestCase@58d75e99]" started-at="2021-11-21T20:56:44 IST" name="sign_in_page_validation1" finished-at="2021-11-21T20:56:51 IST" duration-ms="7093" status="PASS">
          <reporter-output>
          </reporter-output>
        </test-method> <!-- sign_in_page_validation1 -->
        <test-method signature="sign_in_page_validation2()[pri:10, instance:com.frame.runner.ContactTestCase@58d75e99]" started-at="2021-11-21T20:56:51 IST" name="sign_in_page_validation2" finished-at="2021-11-21T20:56:52 IST" duration-ms="93" status="PASS">
          <reporter-output>
          </reporter-output>
        </test-method> <!-- sign_in_page_validation2 -->
      </class> <!-- com.frame.runner.ContactTestCase -->
    </test> <!-- Default test -->
  </suite> <!-- Default suite -->
</testng-results>
